<?xml version="1.0" encoding="UTF-8"?>
<!-- Generated by org.testng.reporters.JUnitXMLReporter -->
<testsuite ignored="0" hostname="mm-in-Vigneshwar.local" failures="0" tests="4" name="Test" time="0.045" errors="0" timestamp="2022-06-20T15:59:23 IST">
  <testcase classname="finzy.TestClass" name="@BeforeSuite openBrowser" time="-1.655720963458E9">
    <failure type="org.testng.TestNGException" message="
Parameter &amp;apos;browser&amp;apos; is required by BeforeSuite on method openBrowser but has not been marked @Optional or defined
in /Users/vigneshwar/Documents/selenium/finzy/testng.xml">
      <![CDATA[org.testng.TestNGException: 
Parameter 'browser' is required by BeforeSuite on method openBrowser but has not been marked @Optional or defined
in /Users/vigneshwar/Documents/selenium/finzy/testng.xml
... Removed 16 stack frames]]>
    </failure>
  </testcase> <!-- @BeforeSuite openBrowser -->
  <testcase classname="finzy.TestClass" name="search" time="0.0">
    <skipped/>
  </testcase> <!-- search -->
  <testcase classname="finzy.TestClass" name="search" time="0.0">
    <skipped/>
  </testcase> <!-- search -->
  <testcase classname="finzy.TestClass" name="search" time="0.0">
    <skipped/>
  </testcase> <!-- search -->
  <testcase classname="finzy.TestClass" name="search" time="0.0">
    <skipped/>
  </testcase> <!-- search -->
</testsuite> <!-- Test -->
